#
# A fatal error has been detected by the Java Runtime Environment:
#
#  Internal Error (classFileParser.cpp:3375), pid=14993, tid=3079551856
#  Error: ShouldNotReachHere()
#
# JRE version: 6.0_20-b20
# Java VM: OpenJDK Server VM (19.0-b09 mixed mode linux-x86 )
# Derivative: IcedTea6 1.9.9
# Distribution: Ubuntu 10.04.1 LTS, package 6b20-1.9.9-0ubuntu1~10.04.2
# If you would like to submit a bug report, please include
# instructions how to reproduce the bug and visit:
#   https://bugs.launchpad.net/ubuntu/+source/openjdk-6/
#

---------------  T H R E A D  ---------------

Current thread (0x08c37400):  JavaThread "Unknown thread" [_thread_in_vm, id=14996, stack(0xb7893000,0xb78e4000)]

Stack: [0xb7893000,0xb78e4000],  sp=0xb78e2800,  free space=318k
Native frames: (J=compiled Java code, j=interpreted, Vv=VM code, C=native code)
V  [libjvm.so+0x649377]
V  [libjvm.so+0x6495c1]
V  [libjvm.so+0x291f0e]
V  [libjvm.so+0x291f89]
V  [libjvm.so+0x225556]
V  [libjvm.so+0x2287eb]
V  [libjvm.so+0x5e4099]
V  [libjvm.so+0x5e4a82]
V  [libjvm.so+0x5e4e64]
V  [libjvm.so+0x5e5e40]
V  [libjvm.so+0x5e5efa]
V  [libjvm.so+0x5e5f85]
V  [libjvm.so+0x5e5fe6]
V  [libjvm.so+0x5e60c3]
V  [libjvm.so+0x5e63b9]
V  [libjvm.so+0x6258cf]
V  [libjvm.so+0x6262dc]
V  [libjvm.so+0x3580e8]
V  [libjvm.so+0x61178c]
V  [libjvm.so+0x3917fc]
C  [java+0x2558]  JavaMain+0x88
C  [libpthread.so.0+0x596e]


---------------  P R O C E S S  ---------------

Java Threads: ( => current thread )

Other Threads:

=>0x08c37400 (exited) JavaThread "Unknown thread" [_thread_in_vm, id=14996, stack(0xb7893000,0xb78e4000)]

VM state:not at safepoint (not fully initialized)

VM Mutex/Monitor currently owned by a thread: None

Dynamic libraries:
00110000-00117000 r-xp 00000000 08:06 10494309   /usr/lib/jvm/java-6-openjdk/jre/lib/i386/libzip.so
00117000-00118000 r--p 00006000 08:06 10494309   /usr/lib/jvm/java-6-openjdk/jre/lib/i386/libzip.so
00118000-00119000 rw-p 00007000 08:06 10494309   /usr/lib/jvm/java-6-openjdk/jre/lib/i386/libzip.so
00171000-00178000 r-xp 00000000 08:06 14262435   /lib/tls/i686/cmov/librt-2.11.1.so
00178000-00179000 r--p 00006000 08:06 14262435   /lib/tls/i686/cmov/librt-2.11.1.so
00179000-0017a000 rw-p 00007000 08:06 14262435   /lib/tls/i686/cmov/librt-2.11.1.so
00231000-00233000 r-xp 00000000 08:06 14262412   /lib/tls/i686/cmov/libdl-2.11.1.so
00233000-00234000 r--p 00001000 08:06 14262412   /lib/tls/i686/cmov/libdl-2.11.1.so
00234000-00235000 rw-p 00002000 08:06 14262412   /lib/tls/i686/cmov/libdl-2.11.1.so
0027f000-00285000 r-xp 00000000 08:06 14262417   /lib/tls/i686/cmov/libnss_compat-2.11.1.so
00285000-00286000 r--p 00006000 08:06 14262417   /lib/tls/i686/cmov/libnss_compat-2.11.1.so
00286000-00287000 rw-p 00007000 08:06 14262417   /lib/tls/i686/cmov/libnss_compat-2.11.1.so
00291000-0029b000 r-xp 00000000 08:06 14262420   /lib/tls/i686/cmov/libnss_files-2.11.1.so
0029b000-0029c000 r--p 00009000 08:06 14262420   /lib/tls/i686/cmov/libnss_files-2.11.1.so
0029c000-0029d000 rw-p 0000a000 08:06 14262420   /lib/tls/i686/cmov/libnss_files-2.11.1.so
002b0000-002d4000 r-xp 00000000 08:06 10494279   /usr/lib/jvm/java-6-openjdk/jre/lib/i386/libjava.so
002d4000-002d5000 r--p 00023000 08:06 10494279   /usr/lib/jvm/java-6-openjdk/jre/lib/i386/libjava.so
002d5000-002d7000 rw-p 00024000 08:06 10494279   /usr/lib/jvm/java-6-openjdk/jre/lib/i386/libjava.so
0032f000-00330000 r-xp 00000000 00:00 0          [vdso]
00436000-0043d000 r-xp 00000000 08:06 10494310   /usr/lib/jvm/java-6-openjdk/jre/lib/i386/native_threads/libhpi.so
0043d000-0043e000 r--p 00006000 08:06 10494310   /usr/lib/jvm/java-6-openjdk/jre/lib/i386/native_threads/libhpi.so
0043e000-0043f000 rw-p 00007000 08:06 10494310   /usr/lib/jvm/java-6-openjdk/jre/lib/i386/native_threads/libhpi.so
00732000-0074d000 r-xp 00000000 08:06 14237757   /lib/ld-2.11.1.so
0074d000-0074e000 r--p 0001a000 08:06 14237757   /lib/ld-2.11.1.so
0074e000-0074f000 rw-p 0001b000 08:06 14237757   /lib/ld-2.11.1.so
0076c000-00778000 r-xp 00000000 08:06 10494308   /usr/lib/jvm/java-6-openjdk/jre/lib/i386/libverify.so
00778000-00779000 r--p 0000b000 08:06 10494308   /usr/lib/jvm/java-6-openjdk/jre/lib/i386/libverify.so
00779000-0077a000 rw-p 0000c000 08:06 10494308   /usr/lib/jvm/java-6-openjdk/jre/lib/i386/libverify.so
0078f000-007a2000 r-xp 00000000 08:06 14262416   /lib/tls/i686/cmov/libnsl-2.11.1.so
007a2000-007a3000 r--p 00012000 08:06 14262416   /lib/tls/i686/cmov/libnsl-2.11.1.so
007a3000-007a4000 rw-p 00013000 08:06 14262416   /lib/tls/i686/cmov/libnsl-2.11.1.so
007a4000-007a6000 rw-p 00000000 00:00 0 
009c5000-00b18000 r-xp 00000000 08:06 14262402   /lib/tls/i686/cmov/libc-2.11.1.so
00b18000-00b19000 ---p 00153000 08:06 14262402   /lib/tls/i686/cmov/libc-2.11.1.so
00b19000-00b1b000 r--p 00153000 08:06 14262402   /lib/tls/i686/cmov/libc-2.11.1.so
00b1b000-00b1c000 rw-p 00155000 08:06 14262402   /lib/tls/i686/cmov/libc-2.11.1.so
00b1c000-00b1f000 rw-p 00000000 00:00 0 
00c87000-00c8f000 r-xp 00000000 08:06 14262422   /lib/tls/i686/cmov/libnss_nis-2.11.1.so
00c8f000-00c90000 r--p 00007000 08:06 14262422   /lib/tls/i686/cmov/libnss_nis-2.11.1.so
00c90000-00c91000 rw-p 00008000 08:06 14262422   /lib/tls/i686/cmov/libnss_nis-2.11.1.so
00c93000-00c96000 r-xp 00000000 08:06 10494262   /usr/lib/jvm/java-6-openjdk/jre/lib/i386/jli/libjli.so
00c96000-00c97000 r--p 00003000 08:06 10494262   /usr/lib/jvm/java-6-openjdk/jre/lib/i386/jli/libjli.so
00c97000-00c98000 rw-p 00004000 08:06 10494262   /usr/lib/jvm/java-6-openjdk/jre/lib/i386/jli/libjli.so
00d35000-00d59000 r-xp 00000000 08:06 14262413   /lib/tls/i686/cmov/libm-2.11.1.so
00d59000-00d5a000 r--p 00023000 08:06 14262413   /lib/tls/i686/cmov/libm-2.11.1.so
00d5a000-00d5b000 rw-p 00024000 08:06 14262413   /lib/tls/i686/cmov/libm-2.11.1.so
00d77000-00d8c000 r-xp 00000000 08:06 14262432   /lib/tls/i686/cmov/libpthread-2.11.1.so
00d8c000-00d8d000 r--p 00014000 08:06 14262432   /lib/tls/i686/cmov/libpthread-2.11.1.so
00d8d000-00d8e000 rw-p 00015000 08:06 14262432   /lib/tls/i686/cmov/libpthread-2.11.1.so
00d8e000-00d90000 rw-p 00000000 00:00 0 
00e1e000-00e31000 r-xp 00000000 08:06 14237971   /lib/libz.so.1.2.3.3
00e31000-00e32000 r--p 00012000 08:06 14237971   /lib/libz.so.1.2.3.3
00e32000-00e33000 rw-p 00013000 08:06 14237971   /lib/libz.so.1.2.3.3
00e33000-014f8000 r-xp 00000000 08:06 10494311   /usr/lib/jvm/java-6-openjdk/jre/lib/i386/server/libjvm.so
014f8000-014f9000 ---p 006c5000 08:06 10494311   /usr/lib/jvm/java-6-openjdk/jre/lib/i386/server/libjvm.so
014f9000-0153e000 r--p 006c5000 08:06 10494311   /usr/lib/jvm/java-6-openjdk/jre/lib/i386/server/libjvm.so
0153e000-0154d000 rw-p 0070a000 08:06 10494311   /usr/lib/jvm/java-6-openjdk/jre/lib/i386/server/libjvm.so
0154d000-0196c000 rw-p 00000000 00:00 0 
08048000-08051000 r-xp 00000000 08:06 10494335   /usr/lib/jvm/java-6-openjdk/jre/bin/java
08051000-08052000 r--p 00008000 08:06 10494335   /usr/lib/jvm/java-6-openjdk/jre/bin/java
08052000-08053000 rw-p 00009000 08:06 10494335   /usr/lib/jvm/java-6-openjdk/jre/bin/java
08c31000-08c97000 rw-p 00000000 00:00 0          [heap]
8c42c000-8c4a2000 r--s 00902000 08:06 10585513   /home/cleber/android-sdk-linux_x86/platforms/android-10/android.jar
8c4a2000-8c4a3000 ---p 00000000 00:00 0 
8c4a3000-8c523000 rw-p 00000000 00:00 0 
8c523000-8c524000 ---p 00000000 00:00 0 
8c524000-8c5ac000 rw-p 00000000 00:00 0 
8c5ac000-8c5e4000 rw-p 00000000 00:00 0 
8c5e4000-8c5ef000 rw-p 00000000 00:00 0 
8c5ef000-8c68f000 rw-p 00000000 00:00 0 
8c68f000-8c697000 rw-p 00000000 00:00 0 
8c697000-8c6cf000 rw-p 00000000 00:00 0 
8c6cf000-8c6da000 rw-p 00000000 00:00 0 
8c6da000-8c779000 rw-p 00000000 00:00 0 
8c779000-8c77f000 rw-p 00000000 00:00 0 
8c77f000-8c7cf000 rw-p 00000000 00:00 0 
8c7cf000-8d7d0000 rw-p 00000000 00:00 0 
8d7d0000-947d0000 rw-p 00000000 00:00 0 
947d0000-95cb0000 rw-p 00000000 00:00 0 
95cb0000-a9d30000 rw-p 00000000 00:00 0 
a9d30000-aa7a0000 rw-p 00000000 00:00 0 
aa7a0000-b47d0000 rw-p 00000000 00:00 0 
b47d3000-b47dc000 rw-p 00000000 00:00 0 
b47dc000-b4893000 rw-p 00000000 00:00 0 
b4893000-b4ad3000 rwxp 00000000 00:00 0 
b4ad3000-b7893000 rw-p 00000000 00:00 0 
b7893000-b7896000 ---p 00000000 00:00 0 
b7896000-b78e7000 rw-p 00000000 00:00 0 
b78f2000-b78fa000 rw-s 00000000 08:06 12984329   /tmp/hsperfdata_cleber/14993
b78fa000-b78fb000 rw-p 00000000 00:00 0 
b78fb000-b78fc000 r--p 00000000 00:00 0 
b78fc000-b78fe000 rw-p 00000000 00:00 0 
bfa57000-bfa6c000 rw-p 00000000 00:00 0          [stack]

VM Arguments:
jvm_args: -Dfile.encoding=UTF-8 -Xbootclasspath:/home/cleber/android-sdk-linux_x86/platforms/android-10/android.jar 
java_command: br.edu.ufcg.aweseries.thetvdb.TheTVDB
Launcher Type: SUN_STANDARD

Environment Variables:
PATH=/usr/local/sbin:/usr/local/bin:/usr/sbin:/usr/bin:/sbin:/bin:/usr/games
USERNAME=cleber
LD_LIBRARY_PATH=/usr/lib/jvm/java-6-openjdk/jre/lib/i386/server:/usr/lib/jvm/java-6-openjdk/jre/lib/i386:/usr/lib/jvm/java-6-openjdk/jre/../lib/i386:/usr/lib/jvm/java-6-openjdk/jre/lib/i386/client:/usr/lib/jvm/java-6-openjdk/jre/lib/i386:/usr/lib/xulrunner-1.9.2.22:/usr/lib/xulrunner-1.9.2.22:/usr/lib/xulrunner-1.9.2.22:/usr/lib/xulrunner-1.9.2.22
SHELL=/bin/bash
DISPLAY=:0.0

Signal Handlers:
SIGSEGV: [libjvm.so+0x649f80], sa_mask[0]=0x7ffbfeff, sa_flags=0x10000004
SIGBUS: [libjvm.so+0x649f80], sa_mask[0]=0x7ffbfeff, sa_flags=0x10000004
SIGFPE: [libjvm.so+0x51c010], sa_mask[0]=0x7ffbfeff, sa_flags=0x10000004
SIGPIPE: [libjvm.so+0x51c010], sa_mask[0]=0x7ffbfeff, sa_flags=0x10000004
SIGXFSZ: [libjvm.so+0x51c010], sa_mask[0]=0x7ffbfeff, sa_flags=0x10000004
SIGILL: [libjvm.so+0x51c010], sa_mask[0]=0x7ffbfeff, sa_flags=0x10000004
SIGUSR1: SIG_DFL, sa_mask[0]=0x00000000, sa_flags=0x00000000
SIGUSR2: [libjvm.so+0x51b6c0], sa_mask[0]=0x00000004, sa_flags=0x10000004
SIGHUP: SIG_DFL, sa_mask[0]=0x00000000, sa_flags=0x00000000
SIGINT: SIG_DFL, sa_mask[0]=0x00000000, sa_flags=0x00000000
SIGTERM: SIG_DFL, sa_mask[0]=0x00000000, sa_flags=0x00000000
SIGQUIT: SIG_DFL, sa_mask[0]=0x00000000, sa_flags=0x00000000


---------------  S Y S T E M  ---------------

OS:Ubuntu 10.04 (lucid)
uname:Linux 2.6.32-34-generic #77-Ubuntu SMP Tue Sep 13 19:40:53 UTC 2011 i686
libc:glibc 2.11.1 NPTL 2.11.1 
rlimit: STACK 8192k, CORE 0k, NPROC infinity, NOFILE 1024, AS infinity
load average:0.13 0.17 0.18

/proc/meminfo:
MemTotal:        2051000 kB
MemFree:          506052 kB
Buffers:           50020 kB
Cached:           711648 kB
SwapCached:          628 kB
Active:           896092 kB
Inactive:         555472 kB
Active(anon):     518204 kB
Inactive(anon):   293232 kB
Active(file):     377888 kB
Inactive(file):   262240 kB
Unevictable:          16 kB
Mlocked:              16 kB
HighTotal:       1177160 kB
HighFree:         200768 kB
LowTotal:         873840 kB
LowFree:          305284 kB
SwapTotal:       6008268 kB
SwapFree:        6002960 kB
Dirty:               328 kB
Writeback:             0 kB
AnonPages:        689284 kB
Mapped:           107540 kB
Shmem:            121544 kB
Slab:              47928 kB
SReclaimable:      35380 kB
SUnreclaim:        12548 kB
KernelStack:        2496 kB
PageTables:         6612 kB
NFS_Unstable:          0 kB
Bounce:                0 kB
WritebackTmp:          0 kB
CommitLimit:     7033768 kB
Committed_AS:    1814600 kB
VmallocTotal:     122880 kB
VmallocUsed:       26788 kB
VmallocChunk:      43324 kB
HardwareCorrupted:     0 kB
HugePages_Total:       0
HugePages_Free:        0
HugePages_Rsvd:        0
HugePages_Surp:        0
Hugepagesize:       4096 kB
DirectMap4k:       16376 kB
DirectMap4M:      892928 kB


CPU:total 2 (2 cores per cpu, 1 threads per core) family 6 model 23 stepping 10, cmov, cx8, fxsr, mmx, sse, sse2, sse3, ssse3, sse4.1

Memory: 4k page, physical 2051000k(506052k free), swap 6008268k(6002960k free)

vm_info: OpenJDK Server VM (19.0-b09) for linux-x86 JRE (1.6.0_20-b20), built on Jul 22 2011 02:03:35 by "buildd" with gcc 4.4.3

time: Tue Sep 20 01:49:36 2011
elapsed time: 0 seconds

