#
# A fatal error has been detected by the Java Runtime Environment:
#
#  Internal Error (classFileParser.cpp:3494), pid=6048, tid=3077630832
#  Error: ShouldNotReachHere()
#
# JRE version: 6.0_22-b22
# Java VM: OpenJDK Server VM (20.0-b11 mixed mode linux-x86 )
# Derivative: IcedTea6 1.10.4
# Distribution: Ubuntu 11.04, package 6b22-1.10.4-0ubuntu1~11.04.1
# If you would like to submit a bug report, please include
# instructions how to reproduce the bug and visit:
#   https://bugs.launchpad.net/ubuntu/+source/openjdk-6/
#

---------------  T H R E A D  ---------------

Current thread (0x098ea000):  JavaThread "Unknown thread" [_thread_in_vm, id=6050, stack(0xb76be000,0xb770f000)]

Stack: [0xb76be000,0xb770f000],  sp=0xb770d840,  free space=318k
Native frames: (J=compiled Java code, j=interpreted, Vv=VM code, C=native code)
V  [libjvm.so+0x65624f]  VMError::report(outputStream*)+0x145f
V  [libjvm.so+0x656532]  VMError::report_and_die()+0x192
V  [libjvm.so+0x29b42e]  report_vm_error(char const*, int, char const*, char const*)+0x3e
V  [libjvm.so+0x29b559]  report_should_not_reach_here(char const*, int)+0x29
V  [libjvm.so+0x235508]  ClassFileParser::parseClassFile(symbolHandle, Handle, Handle, KlassHandle, GrowableArray<Handle>*, symbolHandle&, bool, Thread*)+0x2278
V  [libjvm.so+0x23941b]  ClassLoader::load_classfile(symbolHandle, Thread*)+0x20b
V  [libjvm.so+0x5eaccd]  SystemDictionary::load_instance_class(symbolHandle, Handle, Thread*)+0x48d
V  [libjvm.so+0x5e94dd]  SystemDictionary::resolve_instance_class_or_null(symbolHandle, Handle, Handle, Thread*)+0x70d
V  [libjvm.so+0x5e9d04]  SystemDictionary::resolve_or_null(symbolHandle, Handle, Handle, Thread*)+0x44
V  [libjvm.so+0x5eb2d0]  SystemDictionary::resolve_or_fail(symbolHandle, Handle, Handle, bool, Thread*)+0x30
V  [libjvm.so+0x5eb39a]  SystemDictionary::resolve_or_fail(symbolHandle, bool, Thread*)+0x2a
V  [libjvm.so+0x5eb42d]  SystemDictionary::initialize_wk_klass(SystemDictionary::WKID, int, Thread*)+0x8d
V  [libjvm.so+0x5eb485]  SystemDictionary::initialize_wk_klasses_until(SystemDictionary::WKID, SystemDictionary::WKID&, Thread*)+0x55
V  [libjvm.so+0x5eedc5]  SystemDictionary::initialize_wk_klasses_through(SystemDictionary::WKID, SystemDictionary::WKID&, Thread*)+0x25
V  [libjvm.so+0x5eb553]  SystemDictionary::initialize_preloaded_classes(Thread*)+0x73
V  [libjvm.so+0x5eb871]  SystemDictionary::initialize(Thread*)+0x131
V  [libjvm.so+0x62df67]  Universe::genesis(Thread*)+0x117
V  [libjvm.so+0x62e88c]  universe2_init()+0x2c
V  [libjvm.so+0x3583c8]  init_globals()+0x98
V  [libjvm.so+0x61896c]  Threads::create_vm(JavaVMInitArgs*, bool*)+0x1bc
V  [libjvm.so+0x3a6d6c]  JNI_CreateJavaVM+0x5c
C  [java+0x1788]  JavaMain+0x88
C  [libpthread.so.0+0x5e99]  start_thread+0xd9


---------------  P R O C E S S  ---------------

Java Threads: ( => current thread )

Other Threads:

=>0x098ea000 (exited) JavaThread "Unknown thread" [_thread_in_vm, id=6050, stack(0xb76be000,0xb770f000)]

VM state:not at safepoint (not fully initialized)

VM Mutex/Monitor currently owned by a thread: None

Dynamic libraries:
00110000-0026a000 r-xp 00000000 08:06 14246971   /lib/i386-linux-gnu/libc-2.13.so
0026a000-0026b000 ---p 0015a000 08:06 14246971   /lib/i386-linux-gnu/libc-2.13.so
0026b000-0026d000 r--p 0015a000 08:06 14246971   /lib/i386-linux-gnu/libc-2.13.so
0026d000-0026e000 rw-p 0015c000 08:06 14246971   /lib/i386-linux-gnu/libc-2.13.so
0026e000-00271000 rw-p 00000000 00:00 0 
00271000-00350000 r-xp 00000000 08:06 9938772    /usr/lib/i386-linux-gnu/libstdc++.so.6.0.14
00350000-00354000 r--p 000de000 08:06 9938772    /usr/lib/i386-linux-gnu/libstdc++.so.6.0.14
00354000-00355000 rw-p 000e2000 08:06 9938772    /usr/lib/i386-linux-gnu/libstdc++.so.6.0.14
00355000-0035c000 rw-p 00000000 00:00 0 
0035c000-0036f000 r-xp 00000000 08:06 14246976   /lib/i386-linux-gnu/libnsl-2.13.so
0036f000-00370000 r--p 00012000 08:06 14246976   /lib/i386-linux-gnu/libnsl-2.13.so
00370000-00371000 rw-p 00013000 08:06 14246976   /lib/i386-linux-gnu/libnsl-2.13.so
00371000-00373000 rw-p 00000000 00:00 0 
00376000-00379000 r-xp 00000000 08:06 10496009   /usr/lib/jvm/java-6-openjdk/jre/lib/i386/jli/libjli.so
00379000-0037a000 r--p 00002000 08:06 10496009   /usr/lib/jvm/java-6-openjdk/jre/lib/i386/jli/libjli.so
0037a000-0037b000 rw-p 00003000 08:06 10496009   /usr/lib/jvm/java-6-openjdk/jre/lib/i386/jli/libjli.so
0037b000-0039e000 r-xp 00000000 08:06 10496504   /usr/lib/jvm/java-6-openjdk/jre/lib/i386/libjava.so
0039e000-0039f000 r--p 00022000 08:06 10496504   /usr/lib/jvm/java-6-openjdk/jre/lib/i386/libjava.so
0039f000-003a1000 rw-p 00023000 08:06 10496504   /usr/lib/jvm/java-6-openjdk/jre/lib/i386/libjava.so
004a4000-004ad000 r-xp 00000000 08:06 14246979   /lib/i386-linux-gnu/libnss_nis-2.13.so
004ad000-004ae000 r--p 00008000 08:06 14246979   /lib/i386-linux-gnu/libnss_nis-2.13.so
004ae000-004af000 rw-p 00009000 08:06 14246979   /lib/i386-linux-gnu/libnss_nis-2.13.so
004e3000-00507000 r-xp 00000000 08:06 14246989   /lib/i386-linux-gnu/libm-2.13.so
00507000-00508000 r--p 00023000 08:06 14246989   /lib/i386-linux-gnu/libm-2.13.so
00508000-00509000 rw-p 00024000 08:06 14246989   /lib/i386-linux-gnu/libm-2.13.so
00683000-0068e000 r-xp 00000000 08:06 10496945   /usr/lib/jvm/java-6-openjdk/jre/lib/i386/libverify.so
0068e000-0068f000 ---p 0000b000 08:06 10496945   /usr/lib/jvm/java-6-openjdk/jre/lib/i386/libverify.so
0068f000-00690000 r--p 0000b000 08:06 10496945   /usr/lib/jvm/java-6-openjdk/jre/lib/i386/libverify.so
00690000-00691000 rw-p 0000c000 08:06 10496945   /usr/lib/jvm/java-6-openjdk/jre/lib/i386/libverify.so
006da000-006ef000 r-xp 00000000 08:06 14246985   /lib/i386-linux-gnu/libpthread-2.13.so
006ef000-006f0000 r--p 00015000 08:06 14246985   /lib/i386-linux-gnu/libpthread-2.13.so
006f0000-006f1000 rw-p 00016000 08:06 14246985   /lib/i386-linux-gnu/libpthread-2.13.so
006f1000-006f3000 rw-p 00000000 00:00 0 
00788000-007a2000 r-xp 00000000 08:06 14247345   /lib/i386-linux-gnu/libgcc_s.so.1
007a2000-007a3000 r--p 00019000 08:06 14247345   /lib/i386-linux-gnu/libgcc_s.so.1
007a3000-007a4000 rw-p 0001a000 08:06 14247345   /lib/i386-linux-gnu/libgcc_s.so.1
007ca000-007d0000 r-xp 00000000 08:06 14246980   /lib/i386-linux-gnu/libnss_compat-2.13.so
007d0000-007d1000 r--p 00005000 08:06 14246980   /lib/i386-linux-gnu/libnss_compat-2.13.so
007d1000-007d2000 rw-p 00006000 08:06 14246980   /lib/i386-linux-gnu/libnss_compat-2.13.so
00972000-00973000 r-xp 00000000 00:00 0          [vdso]
00b16000-00b29000 r-xp 00000000 08:06 14247341   /lib/i386-linux-gnu/libz.so.1.2.3.4
00b29000-00b2a000 r--p 00012000 08:06 14247341   /lib/i386-linux-gnu/libz.so.1.2.3.4
00b2a000-00b2b000 rw-p 00013000 08:06 14247341   /lib/i386-linux-gnu/libz.so.1.2.3.4
00ca7000-00ca9000 r-xp 00000000 08:06 14246987   /lib/i386-linux-gnu/libdl-2.13.so
00ca9000-00caa000 r--p 00001000 08:06 14246987   /lib/i386-linux-gnu/libdl-2.13.so
00caa000-00cab000 rw-p 00002000 08:06 14246987   /lib/i386-linux-gnu/libdl-2.13.so
00de1000-00de8000 r-xp 00000000 08:06 14246973   /lib/i386-linux-gnu/librt-2.13.so
00de8000-00de9000 r--p 00006000 08:06 14246973   /lib/i386-linux-gnu/librt-2.13.so
00de9000-00dea000 rw-p 00007000 08:06 14246973   /lib/i386-linux-gnu/librt-2.13.so
00e1f000-00e25000 r-xp 00000000 08:06 10496946   /usr/lib/jvm/java-6-openjdk/jre/lib/i386/libzip.so
00e25000-00e26000 r--p 00005000 08:06 10496946   /usr/lib/jvm/java-6-openjdk/jre/lib/i386/libzip.so
00e26000-00e27000 rw-p 00006000 08:06 10496946   /usr/lib/jvm/java-6-openjdk/jre/lib/i386/libzip.so
00e86000-00e90000 r-xp 00000000 08:06 14246992   /lib/i386-linux-gnu/libnss_files-2.13.so
00e90000-00e91000 r--p 00009000 08:06 14246992   /lib/i386-linux-gnu/libnss_files-2.13.so
00e91000-00e92000 rw-p 0000a000 08:06 14246992   /lib/i386-linux-gnu/libnss_files-2.13.so
00eea000-00f06000 r-xp 00000000 08:06 14246990   /lib/i386-linux-gnu/ld-2.13.so
00f06000-00f07000 r--p 0001b000 08:06 14246990   /lib/i386-linux-gnu/ld-2.13.so
00f07000-00f08000 rw-p 0001c000 08:06 14246990   /lib/i386-linux-gnu/ld-2.13.so
00f08000-015ce000 r-xp 00000000 08:06 10496948   /usr/lib/jvm/java-6-openjdk/jre/lib/i386/server/libjvm.so
015ce000-015cf000 ---p 006c6000 08:06 10496948   /usr/lib/jvm/java-6-openjdk/jre/lib/i386/server/libjvm.so
015cf000-01614000 r--p 006c6000 08:06 10496948   /usr/lib/jvm/java-6-openjdk/jre/lib/i386/server/libjvm.so
01614000-01623000 rw-p 0070b000 08:06 10496948   /usr/lib/jvm/java-6-openjdk/jre/lib/i386/server/libjvm.so
01623000-01a3d000 rw-p 00000000 00:00 0 
08048000-08051000 r-xp 00000000 08:06 10496968   /usr/lib/jvm/java-6-openjdk/jre/bin/java
08051000-08052000 r--p 00008000 08:06 10496968   /usr/lib/jvm/java-6-openjdk/jre/bin/java
08052000-08053000 rw-p 00009000 08:06 10496968   /usr/lib/jvm/java-6-openjdk/jre/bin/java
098e3000-09955000 rw-p 00000000 00:00 0          [heap]
8c25d000-8c2c2000 r--s 004cb000 08:06 10797804   /home/cleber/android-sdk-linux_x86/platforms/android-8/android.jar
8c2c2000-8c2c3000 ---p 00000000 00:00 0 
8c2c3000-8c343000 rw-p 00000000 00:00 0 
8c343000-8c344000 ---p 00000000 00:00 0 
8c344000-8c3cc000 rw-p 00000000 00:00 0 
8c3cc000-8c404000 rw-p 00000000 00:00 0 
8c404000-8c40f000 rw-p 00000000 00:00 0 
8c40f000-8c4af000 rw-p 00000000 00:00 0 
8c4af000-8c4b7000 rw-p 00000000 00:00 0 
8c4b7000-8c4ef000 rw-p 00000000 00:00 0 
8c4ef000-8c4fa000 rw-p 00000000 00:00 0 
8c4fa000-8c599000 rw-p 00000000 00:00 0 
8c599000-8c59f000 rw-p 00000000 00:00 0 
8c59f000-8c5ef000 rw-p 00000000 00:00 0 
8c5ef000-8d5f0000 rw-p 00000000 00:00 0 
8d5f0000-945f0000 rw-p 00000000 00:00 0 
945f0000-95ad0000 rw-p 00000000 00:00 0 
95ad0000-a9b50000 rw-p 00000000 00:00 0 
a9b50000-aa5c0000 rw-p 00000000 00:00 0 
aa5c0000-b45f0000 rw-p 00000000 00:00 0 
b45fe000-b4607000 rw-p 00000000 00:00 0 
b4607000-b46be000 rw-p 00000000 00:00 0 
b46be000-b48fe000 rwxp 00000000 00:00 0 
b48fe000-b76be000 rw-p 00000000 00:00 0 
b76be000-b76c1000 ---p 00000000 00:00 0 
b76c1000-b7712000 rw-p 00000000 00:00 0 
b771f000-b7727000 rw-s 00000000 08:06 12959848   /tmp/hsperfdata_cleber/6048
b7727000-b7728000 rw-p 00000000 00:00 0 
b7728000-b7729000 r--p 00000000 00:00 0 
b7729000-b772b000 rw-p 00000000 00:00 0 
bfab7000-bfad8000 rw-p 00000000 00:00 0          [stack]

VM Arguments:
jvm_args: -Dfile.encoding=UTF-8 -Xbootclasspath:/home/cleber/android-sdk-linux_x86/platforms/android-8/android.jar 
java_command: br.edu.ufcg.aweseries.util.Validate
Launcher Type: SUN_STANDARD

Environment Variables:
PATH=/usr/local/sbin:/usr/local/bin:/usr/sbin:/usr/bin:/sbin:/bin:/usr/games
USERNAME=cleber
LD_LIBRARY_PATH=/usr/lib/jvm/java-6-openjdk/jre/lib/i386/server:/usr/lib/jvm/java-6-openjdk/jre/lib/i386:/usr/lib/jvm/java-6-openjdk/jre/../lib/i386:/usr/lib/jvm/java-6-openjdk/jre/lib/i386/client:/usr/lib/jvm/java-6-openjdk/jre/lib/i386:
SHELL=/bin/bash
DISPLAY=:0.0

Signal Handlers:
SIGSEGV: [libjvm.so+0x656fb0], sa_mask[0]=0x7ffbfeff, sa_flags=0x10000004
SIGBUS: [libjvm.so+0x656fb0], sa_mask[0]=0x7ffbfeff, sa_flags=0x10000004
SIGFPE: [libjvm.so+0x51d4d0], sa_mask[0]=0x7ffbfeff, sa_flags=0x10000004
SIGPIPE: [libjvm.so+0x51d4d0], sa_mask[0]=0x7ffbfeff, sa_flags=0x10000004
SIGXFSZ: [libjvm.so+0x51d4d0], sa_mask[0]=0x7ffbfeff, sa_flags=0x10000004
SIGILL: [libjvm.so+0x51d4d0], sa_mask[0]=0x7ffbfeff, sa_flags=0x10000004
SIGUSR1: SIG_DFL, sa_mask[0]=0x00000000, sa_flags=0x00000000
SIGUSR2: [libjvm.so+0x51d340], sa_mask[0]=0x00000004, sa_flags=0x10000004
SIGHUP: SIG_DFL, sa_mask[0]=0x00000000, sa_flags=0x00000000
SIGINT: SIG_DFL, sa_mask[0]=0x00000000, sa_flags=0x00000000
SIGTERM: SIG_DFL, sa_mask[0]=0x00000000, sa_flags=0x00000000
SIGQUIT: SIG_DFL, sa_mask[0]=0x00000000, sa_flags=0x00000000


---------------  S Y S T E M  ---------------

OS:Ubuntu 11.04 (natty)
uname:Linux 2.6.38-13-generic #53-Ubuntu SMP Mon Nov 28 19:23:39 UTC 2011 i686
libc:glibc 2.13 NPTL 2.13 
rlimit: STACK 8192k, CORE 0k, NPROC infinity, NOFILE 4096, AS infinity
load average:0.00 0.01 0.05

/proc/meminfo:
MemTotal:        2049784 kB
MemFree:          136332 kB
Buffers:          109352 kB
Cached:           848188 kB
SwapCached:          916 kB
Active:          1107004 kB
Inactive:         692788 kB
Active(anon):     719400 kB
Inactive(anon):   389920 kB
Active(file):     387604 kB
Inactive(file):   302868 kB
Unevictable:           0 kB
Mlocked:               0 kB
HighTotal:       1177160 kB
HighFree:           9916 kB
LowTotal:         872624 kB
LowFree:          126416 kB
SwapTotal:       6008272 kB
SwapFree:        5985912 kB
Dirty:               404 kB
Writeback:             0 kB
AnonPages:        841188 kB
Mapped:           209576 kB
Shmem:            267072 kB
Slab:              69184 kB
SReclaimable:      56152 kB
SUnreclaim:        13032 kB
KernelStack:        2912 kB
PageTables:        11336 kB
NFS_Unstable:          0 kB
Bounce:                0 kB
WritebackTmp:          0 kB
CommitLimit:     7033164 kB
Committed_AS:    3487500 kB
VmallocTotal:     122880 kB
VmallocUsed:       25256 kB
VmallocChunk:      57612 kB
HardwareCorrupted:     0 kB
HugePages_Total:       0
HugePages_Free:        0
HugePages_Rsvd:        0
HugePages_Surp:        0
Hugepagesize:       4096 kB
DirectMap4k:       16376 kB
DirectMap4M:      892928 kB


CPU:total 2 (2 cores per cpu, 1 threads per core) family 6 model 23 stepping 10, cmov, cx8, fxsr, mmx, sse, sse2, sse3, ssse3, sse4.1

Memory: 4k page, physical 2049784k(136332k free), swap 6008272k(5985912k free)

vm_info: OpenJDK Server VM (20.0-b11) for linux-x86 JRE (1.6.0_22-b22), built on Oct 25 2011 06:27:31 by "buildd" with gcc 4.5.2

time: Sat Jan 14 19:57:43 2012
elapsed time: 0 seconds

