#
# A fatal error has been detected by the Java Runtime Environment:
#
#  Internal Error (classFileParser.cpp:3494), pid=6038, tid=3079457648
#  Error: ShouldNotReachHere()
#
# JRE version: 6.0_22-b22
# Java VM: OpenJDK Server VM (20.0-b11 mixed mode linux-x86 )
# Derivative: IcedTea6 1.10.4
# Distribution: Ubuntu 11.04, package 6b22-1.10.4-0ubuntu1~11.04.1
# If you would like to submit a bug report, please include
# instructions how to reproduce the bug and visit:
#   https://bugs.launchpad.net/ubuntu/+source/openjdk-6/
#

---------------  T H R E A D  ---------------

Current thread (0x084b2000):  JavaThread "Unknown thread" [_thread_in_vm, id=6043, stack(0xb787c000,0xb78cd000)]

Stack: [0xb787c000,0xb78cd000],  sp=0xb78cb840,  free space=318k
Native frames: (J=compiled Java code, j=interpreted, Vv=VM code, C=native code)
V  [libjvm.so+0x65624f]  VMError::report(outputStream*)+0x145f
V  [libjvm.so+0x656532]  VMError::report_and_die()+0x192
V  [libjvm.so+0x29b42e]  report_vm_error(char const*, int, char const*, char const*)+0x3e
V  [libjvm.so+0x29b559]  report_should_not_reach_here(char const*, int)+0x29
V  [libjvm.so+0x235508]  ClassFileParser::parseClassFile(symbolHandle, Handle, Handle, KlassHandle, GrowableArray<Handle>*, symbolHandle&, bool, Thread*)+0x2278
V  [libjvm.so+0x23941b]  ClassLoader::load_classfile(symbolHandle, Thread*)+0x20b
V  [libjvm.so+0x5eaccd]  SystemDictionary::load_instance_class(symbolHandle, Handle, Thread*)+0x48d
V  [libjvm.so+0x5e94dd]  SystemDictionary::resolve_instance_class_or_null(symbolHandle, Handle, Handle, Thread*)+0x70d
V  [libjvm.so+0x5e9d04]  SystemDictionary::resolve_or_null(symbolHandle, Handle, Handle, Thread*)+0x44
V  [libjvm.so+0x5eb2d0]  SystemDictionary::resolve_or_fail(symbolHandle, Handle, Handle, bool, Thread*)+0x30
V  [libjvm.so+0x5eb39a]  SystemDictionary::resolve_or_fail(symbolHandle, bool, Thread*)+0x2a
V  [libjvm.so+0x5eb42d]  SystemDictionary::initialize_wk_klass(SystemDictionary::WKID, int, Thread*)+0x8d
V  [libjvm.so+0x5eb485]  SystemDictionary::initialize_wk_klasses_until(SystemDictionary::WKID, SystemDictionary::WKID&, Thread*)+0x55
V  [libjvm.so+0x5eedc5]  SystemDictionary::initialize_wk_klasses_through(SystemDictionary::WKID, SystemDictionary::WKID&, Thread*)+0x25
V  [libjvm.so+0x5eb553]  SystemDictionary::initialize_preloaded_classes(Thread*)+0x73
V  [libjvm.so+0x5eb871]  SystemDictionary::initialize(Thread*)+0x131
V  [libjvm.so+0x62df67]  Universe::genesis(Thread*)+0x117
V  [libjvm.so+0x62e88c]  universe2_init()+0x2c
V  [libjvm.so+0x3583c8]  init_globals()+0x98
V  [libjvm.so+0x61896c]  Threads::create_vm(JavaVMInitArgs*, bool*)+0x1bc
V  [libjvm.so+0x3a6d6c]  JNI_CreateJavaVM+0x5c
C  [java+0x1788]  JavaMain+0x88
C  [libpthread.so.0+0x5e99]  start_thread+0xd9


---------------  P R O C E S S  ---------------

Java Threads: ( => current thread )

Other Threads:

=>0x084b2000 (exited) JavaThread "Unknown thread" [_thread_in_vm, id=6043, stack(0xb787c000,0xb78cd000)]

VM state:not at safepoint (not fully initialized)

VM Mutex/Monitor currently owned by a thread: None

Dynamic libraries:
00110000-0026a000 r-xp 00000000 08:06 14246971   /lib/i386-linux-gnu/libc-2.13.so
0026a000-0026b000 ---p 0015a000 08:06 14246971   /lib/i386-linux-gnu/libc-2.13.so
0026b000-0026d000 r--p 0015a000 08:06 14246971   /lib/i386-linux-gnu/libc-2.13.so
0026d000-0026e000 rw-p 0015c000 08:06 14246971   /lib/i386-linux-gnu/libc-2.13.so
0026e000-00271000 rw-p 00000000 00:00 0 
00271000-0027c000 r-xp 00000000 08:06 10496945   /usr/lib/jvm/java-6-openjdk/jre/lib/i386/libverify.so
0027c000-0027d000 ---p 0000b000 08:06 10496945   /usr/lib/jvm/java-6-openjdk/jre/lib/i386/libverify.so
0027d000-0027e000 r--p 0000b000 08:06 10496945   /usr/lib/jvm/java-6-openjdk/jre/lib/i386/libverify.so
0027e000-0027f000 rw-p 0000c000 08:06 10496945   /usr/lib/jvm/java-6-openjdk/jre/lib/i386/libverify.so
0027f000-00285000 r-xp 00000000 08:06 14246980   /lib/i386-linux-gnu/libnss_compat-2.13.so
00285000-00286000 r--p 00005000 08:06 14246980   /lib/i386-linux-gnu/libnss_compat-2.13.so
00286000-00287000 rw-p 00006000 08:06 14246980   /lib/i386-linux-gnu/libnss_compat-2.13.so
00287000-0028d000 r-xp 00000000 08:06 10496946   /usr/lib/jvm/java-6-openjdk/jre/lib/i386/libzip.so
0028d000-0028e000 r--p 00005000 08:06 10496946   /usr/lib/jvm/java-6-openjdk/jre/lib/i386/libzip.so
0028e000-0028f000 rw-p 00006000 08:06 10496946   /usr/lib/jvm/java-6-openjdk/jre/lib/i386/libzip.so
00291000-00292000 r-xp 00000000 00:00 0          [vdso]
00292000-00371000 r-xp 00000000 08:06 9938772    /usr/lib/i386-linux-gnu/libstdc++.so.6.0.14
00371000-00375000 r--p 000de000 08:06 9938772    /usr/lib/i386-linux-gnu/libstdc++.so.6.0.14
00375000-00376000 rw-p 000e2000 08:06 9938772    /usr/lib/i386-linux-gnu/libstdc++.so.6.0.14
00376000-0037d000 rw-p 00000000 00:00 0 
0057d000-00584000 r-xp 00000000 08:06 14246973   /lib/i386-linux-gnu/librt-2.13.so
00584000-00585000 r--p 00006000 08:06 14246973   /lib/i386-linux-gnu/librt-2.13.so
00585000-00586000 rw-p 00007000 08:06 14246973   /lib/i386-linux-gnu/librt-2.13.so
005a6000-005af000 r-xp 00000000 08:06 14246979   /lib/i386-linux-gnu/libnss_nis-2.13.so
005af000-005b0000 r--p 00008000 08:06 14246979   /lib/i386-linux-gnu/libnss_nis-2.13.so
005b0000-005b1000 rw-p 00009000 08:06 14246979   /lib/i386-linux-gnu/libnss_nis-2.13.so
00737000-0074a000 r-xp 00000000 08:06 14247341   /lib/i386-linux-gnu/libz.so.1.2.3.4
0074a000-0074b000 r--p 00012000 08:06 14247341   /lib/i386-linux-gnu/libz.so.1.2.3.4
0074b000-0074c000 rw-p 00013000 08:06 14247341   /lib/i386-linux-gnu/libz.so.1.2.3.4
007d8000-007f2000 r-xp 00000000 08:06 14247345   /lib/i386-linux-gnu/libgcc_s.so.1
007f2000-007f3000 r--p 00019000 08:06 14247345   /lib/i386-linux-gnu/libgcc_s.so.1
007f3000-007f4000 rw-p 0001a000 08:06 14247345   /lib/i386-linux-gnu/libgcc_s.so.1
00805000-00829000 r-xp 00000000 08:06 14246989   /lib/i386-linux-gnu/libm-2.13.so
00829000-0082a000 r--p 00023000 08:06 14246989   /lib/i386-linux-gnu/libm-2.13.so
0082a000-0082b000 rw-p 00024000 08:06 14246989   /lib/i386-linux-gnu/libm-2.13.so
008a5000-008af000 r-xp 00000000 08:06 14246992   /lib/i386-linux-gnu/libnss_files-2.13.so
008af000-008b0000 r--p 00009000 08:06 14246992   /lib/i386-linux-gnu/libnss_files-2.13.so
008b0000-008b1000 rw-p 0000a000 08:06 14246992   /lib/i386-linux-gnu/libnss_files-2.13.so
00901000-00914000 r-xp 00000000 08:06 14246976   /lib/i386-linux-gnu/libnsl-2.13.so
00914000-00915000 r--p 00012000 08:06 14246976   /lib/i386-linux-gnu/libnsl-2.13.so
00915000-00916000 rw-p 00013000 08:06 14246976   /lib/i386-linux-gnu/libnsl-2.13.so
00916000-00918000 rw-p 00000000 00:00 0 
00964000-00980000 r-xp 00000000 08:06 14246990   /lib/i386-linux-gnu/ld-2.13.so
00980000-00981000 r--p 0001b000 08:06 14246990   /lib/i386-linux-gnu/ld-2.13.so
00981000-00982000 rw-p 0001c000 08:06 14246990   /lib/i386-linux-gnu/ld-2.13.so
009e9000-009eb000 r-xp 00000000 08:06 14246987   /lib/i386-linux-gnu/libdl-2.13.so
009eb000-009ec000 r--p 00001000 08:06 14246987   /lib/i386-linux-gnu/libdl-2.13.so
009ec000-009ed000 rw-p 00002000 08:06 14246987   /lib/i386-linux-gnu/libdl-2.13.so
00a0b000-00a20000 r-xp 00000000 08:06 14246985   /lib/i386-linux-gnu/libpthread-2.13.so
00a20000-00a21000 r--p 00015000 08:06 14246985   /lib/i386-linux-gnu/libpthread-2.13.so
00a21000-00a22000 rw-p 00016000 08:06 14246985   /lib/i386-linux-gnu/libpthread-2.13.so
00a22000-00a24000 rw-p 00000000 00:00 0 
00b35000-00b58000 r-xp 00000000 08:06 10496504   /usr/lib/jvm/java-6-openjdk/jre/lib/i386/libjava.so
00b58000-00b59000 r--p 00022000 08:06 10496504   /usr/lib/jvm/java-6-openjdk/jre/lib/i386/libjava.so
00b59000-00b5b000 rw-p 00023000 08:06 10496504   /usr/lib/jvm/java-6-openjdk/jre/lib/i386/libjava.so
00ccd000-00cd0000 r-xp 00000000 08:06 10496009   /usr/lib/jvm/java-6-openjdk/jre/lib/i386/jli/libjli.so
00cd0000-00cd1000 r--p 00002000 08:06 10496009   /usr/lib/jvm/java-6-openjdk/jre/lib/i386/jli/libjli.so
00cd1000-00cd2000 rw-p 00003000 08:06 10496009   /usr/lib/jvm/java-6-openjdk/jre/lib/i386/jli/libjli.so
00cd2000-01398000 r-xp 00000000 08:06 10496948   /usr/lib/jvm/java-6-openjdk/jre/lib/i386/server/libjvm.so
01398000-01399000 ---p 006c6000 08:06 10496948   /usr/lib/jvm/java-6-openjdk/jre/lib/i386/server/libjvm.so
01399000-013de000 r--p 006c6000 08:06 10496948   /usr/lib/jvm/java-6-openjdk/jre/lib/i386/server/libjvm.so
013de000-013ed000 rw-p 0070b000 08:06 10496948   /usr/lib/jvm/java-6-openjdk/jre/lib/i386/server/libjvm.so
013ed000-01807000 rw-p 00000000 00:00 0 
08048000-08051000 r-xp 00000000 08:06 10496968   /usr/lib/jvm/java-6-openjdk/jre/bin/java
08051000-08052000 r--p 00008000 08:06 10496968   /usr/lib/jvm/java-6-openjdk/jre/bin/java
08052000-08053000 rw-p 00009000 08:06 10496968   /usr/lib/jvm/java-6-openjdk/jre/bin/java
084ab000-0851d000 rw-p 00000000 00:00 0          [heap]
8c41d000-8c482000 r--s 004cb000 08:06 10797804   /home/cleber/android-sdk-linux_x86/platforms/android-8/android.jar
8c482000-8c483000 ---p 00000000 00:00 0 
8c483000-8c503000 rw-p 00000000 00:00 0 
8c503000-8c504000 ---p 00000000 00:00 0 
8c504000-8c58c000 rw-p 00000000 00:00 0 
8c58c000-8c5c4000 rw-p 00000000 00:00 0 
8c5c4000-8c5cf000 rw-p 00000000 00:00 0 
8c5cf000-8c66f000 rw-p 00000000 00:00 0 
8c66f000-8c677000 rw-p 00000000 00:00 0 
8c677000-8c6af000 rw-p 00000000 00:00 0 
8c6af000-8c6ba000 rw-p 00000000 00:00 0 
8c6ba000-8c759000 rw-p 00000000 00:00 0 
8c759000-8c75f000 rw-p 00000000 00:00 0 
8c75f000-8c7af000 rw-p 00000000 00:00 0 
8c7af000-8d7b0000 rw-p 00000000 00:00 0 
8d7b0000-947b0000 rw-p 00000000 00:00 0 
947b0000-95c90000 rw-p 00000000 00:00 0 
95c90000-a9d10000 rw-p 00000000 00:00 0 
a9d10000-aa780000 rw-p 00000000 00:00 0 
aa780000-b47b0000 rw-p 00000000 00:00 0 
b47bc000-b47c5000 rw-p 00000000 00:00 0 
b47c5000-b487c000 rw-p 00000000 00:00 0 
b487c000-b4abc000 rwxp 00000000 00:00 0 
b4abc000-b787c000 rw-p 00000000 00:00 0 
b787c000-b787f000 ---p 00000000 00:00 0 
b787f000-b78d0000 rw-p 00000000 00:00 0 
b78dd000-b78e5000 rw-s 00000000 08:06 12959848   /tmp/hsperfdata_cleber/6038
b78e5000-b78e6000 rw-p 00000000 00:00 0 
b78e6000-b78e7000 r--p 00000000 00:00 0 
b78e7000-b78e9000 rw-p 00000000 00:00 0 
bf90e000-bf92f000 rw-p 00000000 00:00 0          [stack]

VM Arguments:
jvm_args: -Dfile.encoding=UTF-8 -Xbootclasspath:/home/cleber/android-sdk-linux_x86/platforms/android-8/android.jar 
java_command: br.edu.ufcg.aweseries.util.Validate
Launcher Type: SUN_STANDARD

Environment Variables:
PATH=/usr/local/sbin:/usr/local/bin:/usr/sbin:/usr/bin:/sbin:/bin:/usr/games
USERNAME=cleber
LD_LIBRARY_PATH=/usr/lib/jvm/java-6-openjdk/jre/lib/i386/server:/usr/lib/jvm/java-6-openjdk/jre/lib/i386:/usr/lib/jvm/java-6-openjdk/jre/../lib/i386:/usr/lib/jvm/java-6-openjdk/jre/lib/i386/client:/usr/lib/jvm/java-6-openjdk/jre/lib/i386:
SHELL=/bin/bash
DISPLAY=:0.0

Signal Handlers:
SIGSEGV: [libjvm.so+0x656fb0], sa_mask[0]=0x7ffbfeff, sa_flags=0x10000004
SIGBUS: [libjvm.so+0x656fb0], sa_mask[0]=0x7ffbfeff, sa_flags=0x10000004
SIGFPE: [libjvm.so+0x51d4d0], sa_mask[0]=0x7ffbfeff, sa_flags=0x10000004
SIGPIPE: [libjvm.so+0x51d4d0], sa_mask[0]=0x7ffbfeff, sa_flags=0x10000004
SIGXFSZ: [libjvm.so+0x51d4d0], sa_mask[0]=0x7ffbfeff, sa_flags=0x10000004
SIGILL: [libjvm.so+0x51d4d0], sa_mask[0]=0x7ffbfeff, sa_flags=0x10000004
SIGUSR1: SIG_DFL, sa_mask[0]=0x00000000, sa_flags=0x00000000
SIGUSR2: [libjvm.so+0x51d340], sa_mask[0]=0x00000004, sa_flags=0x10000004
SIGHUP: SIG_DFL, sa_mask[0]=0x00000000, sa_flags=0x00000000
SIGINT: SIG_DFL, sa_mask[0]=0x00000000, sa_flags=0x00000000
SIGTERM: SIG_DFL, sa_mask[0]=0x00000000, sa_flags=0x00000000
SIGQUIT: SIG_DFL, sa_mask[0]=0x00000000, sa_flags=0x00000000


---------------  S Y S T E M  ---------------

OS:Ubuntu 11.04 (natty)
uname:Linux 2.6.38-13-generic #53-Ubuntu SMP Mon Nov 28 19:23:39 UTC 2011 i686
libc:glibc 2.13 NPTL 2.13 
rlimit: STACK 8192k, CORE 0k, NPROC infinity, NOFILE 4096, AS infinity
load average:0.00 0.01 0.05

/proc/meminfo:
MemTotal:        2049784 kB
MemFree:          130628 kB
Buffers:          109324 kB
Cached:           854264 kB
SwapCached:          916 kB
Active:          1104540 kB
Inactive:         700820 kB
Active(anon):     718736 kB
Inactive(anon):   396328 kB
Active(file):     385804 kB
Inactive(file):   304492 kB
Unevictable:           0 kB
Mlocked:               0 kB
HighTotal:       1177160 kB
HighFree:           4832 kB
LowTotal:         872624 kB
LowFree:          125796 kB
SwapTotal:       6008272 kB
SwapFree:        5985912 kB
Dirty:               172 kB
Writeback:             0 kB
AnonPages:        841136 kB
Mapped:           209576 kB
Shmem:            273072 kB
Slab:              69176 kB
SReclaimable:      56152 kB
SUnreclaim:        13024 kB
KernelStack:        2904 kB
PageTables:        11460 kB
NFS_Unstable:          0 kB
Bounce:                0 kB
WritebackTmp:          0 kB
CommitLimit:     7033164 kB
Committed_AS:    3493516 kB
VmallocTotal:     122880 kB
VmallocUsed:       25268 kB
VmallocChunk:      57036 kB
HardwareCorrupted:     0 kB
HugePages_Total:       0
HugePages_Free:        0
HugePages_Rsvd:        0
HugePages_Surp:        0
Hugepagesize:       4096 kB
DirectMap4k:       16376 kB
DirectMap4M:      892928 kB


CPU:total 2 (2 cores per cpu, 1 threads per core) family 6 model 23 stepping 10, cmov, cx8, fxsr, mmx, sse, sse2, sse3, ssse3, sse4.1

Memory: 4k page, physical 2049784k(130628k free), swap 6008272k(5985912k free)

vm_info: OpenJDK Server VM (20.0-b11) for linux-x86 JRE (1.6.0_22-b22), built on Oct 25 2011 06:27:31 by "buildd" with gcc 4.5.2

time: Sat Jan 14 19:57:26 2012
elapsed time: 0 seconds

