#
# A fatal error has been detected by the Java Runtime Environment:
#
#  Internal Error (classFileParser.cpp:3375), pid=14981, tid=3077958512
#  Error: ShouldNotReachHere()
#
# JRE version: 6.0_20-b20
# Java VM: OpenJDK Server VM (19.0-b09 mixed mode linux-x86 )
# Derivative: IcedTea6 1.9.9
# Distribution: Ubuntu 10.04.1 LTS, package 6b20-1.9.9-0ubuntu1~10.04.2
# If you would like to submit a bug report, please include
# instructions how to reproduce the bug and visit:
#   https://bugs.launchpad.net/ubuntu/+source/openjdk-6/
#

---------------  T H R E A D  ---------------

Current thread (0x08adc400):  JavaThread "Unknown thread" [_thread_in_vm, id=14983, stack(0xb770e000,0xb775f000)]

Stack: [0xb770e000,0xb775f000],  sp=0xb775d800,  free space=318k
Native frames: (J=compiled Java code, j=interpreted, Vv=VM code, C=native code)
V  [libjvm.so+0x649377]
V  [libjvm.so+0x6495c1]
V  [libjvm.so+0x291f0e]
V  [libjvm.so+0x291f89]
V  [libjvm.so+0x225556]
V  [libjvm.so+0x2287eb]
V  [libjvm.so+0x5e4099]
V  [libjvm.so+0x5e4a82]
V  [libjvm.so+0x5e4e64]
V  [libjvm.so+0x5e5e40]
V  [libjvm.so+0x5e5efa]
V  [libjvm.so+0x5e5f85]
V  [libjvm.so+0x5e5fe6]
V  [libjvm.so+0x5e60c3]
V  [libjvm.so+0x5e63b9]
V  [libjvm.so+0x6258cf]
V  [libjvm.so+0x6262dc]
V  [libjvm.so+0x3580e8]
V  [libjvm.so+0x61178c]
V  [libjvm.so+0x3917fc]
C  [java+0x2558]  JavaMain+0x88
C  [libpthread.so.0+0x596e]


---------------  P R O C E S S  ---------------

Java Threads: ( => current thread )

Other Threads:

=>0x08adc400 (exited) JavaThread "Unknown thread" [_thread_in_vm, id=14983, stack(0xb770e000,0xb775f000)]

VM state:not at safepoint (not fully initialized)

VM Mutex/Monitor currently owned by a thread: None

Dynamic libraries:
00110000-00117000 r-xp 00000000 08:06 14262435   /lib/tls/i686/cmov/librt-2.11.1.so
00117000-00118000 r--p 00006000 08:06 14262435   /lib/tls/i686/cmov/librt-2.11.1.so
00118000-00119000 rw-p 00007000 08:06 14262435   /lib/tls/i686/cmov/librt-2.11.1.so
00119000-00123000 r-xp 00000000 08:06 14262420   /lib/tls/i686/cmov/libnss_files-2.11.1.so
00123000-00124000 r--p 00009000 08:06 14262420   /lib/tls/i686/cmov/libnss_files-2.11.1.so
00124000-00125000 rw-p 0000a000 08:06 14262420   /lib/tls/i686/cmov/libnss_files-2.11.1.so
00125000-0012c000 r-xp 00000000 08:06 10494309   /usr/lib/jvm/java-6-openjdk/jre/lib/i386/libzip.so
0012c000-0012d000 r--p 00006000 08:06 10494309   /usr/lib/jvm/java-6-openjdk/jre/lib/i386/libzip.so
0012d000-0012e000 rw-p 00007000 08:06 10494309   /usr/lib/jvm/java-6-openjdk/jre/lib/i386/libzip.so
001cd000-001d5000 r-xp 00000000 08:06 14262422   /lib/tls/i686/cmov/libnss_nis-2.11.1.so
001d5000-001d6000 r--p 00007000 08:06 14262422   /lib/tls/i686/cmov/libnss_nis-2.11.1.so
001d6000-001d7000 rw-p 00008000 08:06 14262422   /lib/tls/i686/cmov/libnss_nis-2.11.1.so
002d0000-002d6000 r-xp 00000000 08:06 14262417   /lib/tls/i686/cmov/libnss_compat-2.11.1.so
002d6000-002d7000 r--p 00006000 08:06 14262417   /lib/tls/i686/cmov/libnss_compat-2.11.1.so
002d7000-002d8000 rw-p 00007000 08:06 14262417   /lib/tls/i686/cmov/libnss_compat-2.11.1.so
003e5000-00538000 r-xp 00000000 08:06 14262402   /lib/tls/i686/cmov/libc-2.11.1.so
00538000-00539000 ---p 00153000 08:06 14262402   /lib/tls/i686/cmov/libc-2.11.1.so
00539000-0053b000 r--p 00153000 08:06 14262402   /lib/tls/i686/cmov/libc-2.11.1.so
0053b000-0053c000 rw-p 00155000 08:06 14262402   /lib/tls/i686/cmov/libc-2.11.1.so
0053c000-0053f000 rw-p 00000000 00:00 0 
005fd000-00621000 r-xp 00000000 08:06 10494279   /usr/lib/jvm/java-6-openjdk/jre/lib/i386/libjava.so
00621000-00622000 r--p 00023000 08:06 10494279   /usr/lib/jvm/java-6-openjdk/jre/lib/i386/libjava.so
00622000-00624000 rw-p 00024000 08:06 10494279   /usr/lib/jvm/java-6-openjdk/jre/lib/i386/libjava.so
0071f000-00720000 r-xp 00000000 00:00 0          [vdso]
00854000-00860000 r-xp 00000000 08:06 10494308   /usr/lib/jvm/java-6-openjdk/jre/lib/i386/libverify.so
00860000-00861000 r--p 0000b000 08:06 10494308   /usr/lib/jvm/java-6-openjdk/jre/lib/i386/libverify.so
00861000-00862000 rw-p 0000c000 08:06 10494308   /usr/lib/jvm/java-6-openjdk/jre/lib/i386/libverify.so
008ae000-008b1000 r-xp 00000000 08:06 10494262   /usr/lib/jvm/java-6-openjdk/jre/lib/i386/jli/libjli.so
008b1000-008b2000 r--p 00003000 08:06 10494262   /usr/lib/jvm/java-6-openjdk/jre/lib/i386/jli/libjli.so
008b2000-008b3000 rw-p 00004000 08:06 10494262   /usr/lib/jvm/java-6-openjdk/jre/lib/i386/jli/libjli.so
00914000-0091b000 r-xp 00000000 08:06 10494310   /usr/lib/jvm/java-6-openjdk/jre/lib/i386/native_threads/libhpi.so
0091b000-0091c000 r--p 00006000 08:06 10494310   /usr/lib/jvm/java-6-openjdk/jre/lib/i386/native_threads/libhpi.so
0091c000-0091d000 rw-p 00007000 08:06 10494310   /usr/lib/jvm/java-6-openjdk/jre/lib/i386/native_threads/libhpi.so
009e2000-00a06000 r-xp 00000000 08:06 14262413   /lib/tls/i686/cmov/libm-2.11.1.so
00a06000-00a07000 r--p 00023000 08:06 14262413   /lib/tls/i686/cmov/libm-2.11.1.so
00a07000-00a08000 rw-p 00024000 08:06 14262413   /lib/tls/i686/cmov/libm-2.11.1.so
00a6e000-00a89000 r-xp 00000000 08:06 14237757   /lib/ld-2.11.1.so
00a89000-00a8a000 r--p 0001a000 08:06 14237757   /lib/ld-2.11.1.so
00a8a000-00a8b000 rw-p 0001b000 08:06 14237757   /lib/ld-2.11.1.so
00b73000-00b75000 r-xp 00000000 08:06 14262412   /lib/tls/i686/cmov/libdl-2.11.1.so
00b75000-00b76000 r--p 00001000 08:06 14262412   /lib/tls/i686/cmov/libdl-2.11.1.so
00b76000-00b77000 rw-p 00002000 08:06 14262412   /lib/tls/i686/cmov/libdl-2.11.1.so
00c51000-00c64000 r-xp 00000000 08:06 14237971   /lib/libz.so.1.2.3.3
00c64000-00c65000 r--p 00012000 08:06 14237971   /lib/libz.so.1.2.3.3
00c65000-00c66000 rw-p 00013000 08:06 14237971   /lib/libz.so.1.2.3.3
00e98000-00eab000 r-xp 00000000 08:06 14262416   /lib/tls/i686/cmov/libnsl-2.11.1.so
00eab000-00eac000 r--p 00012000 08:06 14262416   /lib/tls/i686/cmov/libnsl-2.11.1.so
00eac000-00ead000 rw-p 00013000 08:06 14262416   /lib/tls/i686/cmov/libnsl-2.11.1.so
00ead000-00eaf000 rw-p 00000000 00:00 0 
00ec7000-00edc000 r-xp 00000000 08:06 14262432   /lib/tls/i686/cmov/libpthread-2.11.1.so
00edc000-00edd000 r--p 00014000 08:06 14262432   /lib/tls/i686/cmov/libpthread-2.11.1.so
00edd000-00ede000 rw-p 00015000 08:06 14262432   /lib/tls/i686/cmov/libpthread-2.11.1.so
00ede000-00ee0000 rw-p 00000000 00:00 0 
00ee0000-015a5000 r-xp 00000000 08:06 10494311   /usr/lib/jvm/java-6-openjdk/jre/lib/i386/server/libjvm.so
015a5000-015a6000 ---p 006c5000 08:06 10494311   /usr/lib/jvm/java-6-openjdk/jre/lib/i386/server/libjvm.so
015a6000-015eb000 r--p 006c5000 08:06 10494311   /usr/lib/jvm/java-6-openjdk/jre/lib/i386/server/libjvm.so
015eb000-015fa000 rw-p 0070a000 08:06 10494311   /usr/lib/jvm/java-6-openjdk/jre/lib/i386/server/libjvm.so
015fa000-01a19000 rw-p 00000000 00:00 0 
08048000-08051000 r-xp 00000000 08:06 10494335   /usr/lib/jvm/java-6-openjdk/jre/bin/java
08051000-08052000 r--p 00008000 08:06 10494335   /usr/lib/jvm/java-6-openjdk/jre/bin/java
08052000-08053000 rw-p 00009000 08:06 10494335   /usr/lib/jvm/java-6-openjdk/jre/bin/java
08ad6000-08b3c000 rw-p 00000000 00:00 0          [heap]
8c29c000-8c312000 r--s 00902000 08:06 10585513   /home/cleber/android-sdk-linux_x86/platforms/android-10/android.jar
8c312000-8c313000 ---p 00000000 00:00 0 
8c313000-8c393000 rw-p 00000000 00:00 0 
8c393000-8c394000 ---p 00000000 00:00 0 
8c394000-8c41c000 rw-p 00000000 00:00 0 
8c41c000-8c454000 rw-p 00000000 00:00 0 
8c454000-8c45f000 rw-p 00000000 00:00 0 
8c45f000-8c4ff000 rw-p 00000000 00:00 0 
8c4ff000-8c507000 rw-p 00000000 00:00 0 
8c507000-8c53f000 rw-p 00000000 00:00 0 
8c53f000-8c54a000 rw-p 00000000 00:00 0 
8c54a000-8c5e9000 rw-p 00000000 00:00 0 
8c5e9000-8c5ef000 rw-p 00000000 00:00 0 
8c5ef000-8c63f000 rw-p 00000000 00:00 0 
8c63f000-8d640000 rw-p 00000000 00:00 0 
8d640000-94640000 rw-p 00000000 00:00 0 
94640000-95b20000 rw-p 00000000 00:00 0 
95b20000-a9ba0000 rw-p 00000000 00:00 0 
a9ba0000-aa610000 rw-p 00000000 00:00 0 
aa610000-b4640000 rw-p 00000000 00:00 0 
b464e000-b4657000 rw-p 00000000 00:00 0 
b4657000-b470e000 rw-p 00000000 00:00 0 
b470e000-b494e000 rwxp 00000000 00:00 0 
b494e000-b770e000 rw-p 00000000 00:00 0 
b770e000-b7711000 ---p 00000000 00:00 0 
b7711000-b7762000 rw-p 00000000 00:00 0 
b776d000-b7775000 rw-s 00000000 08:06 12984329   /tmp/hsperfdata_cleber/14981
b7775000-b7776000 rw-p 00000000 00:00 0 
b7776000-b7777000 r--p 00000000 00:00 0 
b7777000-b7779000 rw-p 00000000 00:00 0 
bfc4e000-bfc63000 rw-p 00000000 00:00 0          [stack]

VM Arguments:
jvm_args: -Dfile.encoding=UTF-8 -Xbootclasspath:/home/cleber/android-sdk-linux_x86/platforms/android-10/android.jar 
java_command: br.edu.ufcg.aweseries.thetvdb.TheTVDB
Launcher Type: SUN_STANDARD

Environment Variables:
PATH=/usr/local/sbin:/usr/local/bin:/usr/sbin:/usr/bin:/sbin:/bin:/usr/games
USERNAME=cleber
LD_LIBRARY_PATH=/usr/lib/jvm/java-6-openjdk/jre/lib/i386/server:/usr/lib/jvm/java-6-openjdk/jre/lib/i386:/usr/lib/jvm/java-6-openjdk/jre/../lib/i386:/usr/lib/jvm/java-6-openjdk/jre/lib/i386/client:/usr/lib/jvm/java-6-openjdk/jre/lib/i386:/usr/lib/xulrunner-1.9.2.22:/usr/lib/xulrunner-1.9.2.22:/usr/lib/xulrunner-1.9.2.22:/usr/lib/xulrunner-1.9.2.22
SHELL=/bin/bash
DISPLAY=:0.0

Signal Handlers:
SIGSEGV: [libjvm.so+0x649f80], sa_mask[0]=0x7ffbfeff, sa_flags=0x10000004
SIGBUS: [libjvm.so+0x649f80], sa_mask[0]=0x7ffbfeff, sa_flags=0x10000004
SIGFPE: [libjvm.so+0x51c010], sa_mask[0]=0x7ffbfeff, sa_flags=0x10000004
SIGPIPE: [libjvm.so+0x51c010], sa_mask[0]=0x7ffbfeff, sa_flags=0x10000004
SIGXFSZ: [libjvm.so+0x51c010], sa_mask[0]=0x7ffbfeff, sa_flags=0x10000004
SIGILL: [libjvm.so+0x51c010], sa_mask[0]=0x7ffbfeff, sa_flags=0x10000004
SIGUSR1: SIG_DFL, sa_mask[0]=0x00000000, sa_flags=0x00000000
SIGUSR2: [libjvm.so+0x51b6c0], sa_mask[0]=0x00000004, sa_flags=0x10000004
SIGHUP: SIG_DFL, sa_mask[0]=0x00000000, sa_flags=0x00000000
SIGINT: SIG_DFL, sa_mask[0]=0x00000000, sa_flags=0x00000000
SIGTERM: SIG_DFL, sa_mask[0]=0x00000000, sa_flags=0x00000000
SIGQUIT: SIG_DFL, sa_mask[0]=0x00000000, sa_flags=0x00000000


---------------  S Y S T E M  ---------------

OS:Ubuntu 10.04 (lucid)
uname:Linux 2.6.32-34-generic #77-Ubuntu SMP Tue Sep 13 19:40:53 UTC 2011 i686
libc:glibc 2.11.1 NPTL 2.11.1 
rlimit: STACK 8192k, CORE 0k, NPROC infinity, NOFILE 1024, AS infinity
load average:0.22 0.19 0.18

/proc/meminfo:
MemTotal:        2051000 kB
MemFree:          499944 kB
Buffers:           49996 kB
Cached:           717632 kB
SwapCached:          628 kB
Active:           895952 kB
Inactive:         561548 kB
Active(anon):     518092 kB
Inactive(anon):   299412 kB
Active(file):     377860 kB
Inactive(file):   262136 kB
Unevictable:          16 kB
Mlocked:              16 kB
HighTotal:       1177160 kB
HighFree:         195064 kB
LowTotal:         873840 kB
LowFree:          304880 kB
SwapTotal:       6008268 kB
SwapFree:        6002960 kB
Dirty:               324 kB
Writeback:             0 kB
AnonPages:        689264 kB
Mapped:           107720 kB
Shmem:            127636 kB
Slab:              47892 kB
SReclaimable:      35380 kB
SUnreclaim:        12512 kB
KernelStack:        2464 kB
PageTables:         6612 kB
NFS_Unstable:          0 kB
Bounce:                0 kB
WritebackTmp:          0 kB
CommitLimit:     7033768 kB
Committed_AS:    1820664 kB
VmallocTotal:     122880 kB
VmallocUsed:       26788 kB
VmallocChunk:      43780 kB
HardwareCorrupted:     0 kB
HugePages_Total:       0
HugePages_Free:        0
HugePages_Rsvd:        0
HugePages_Surp:        0
Hugepagesize:       4096 kB
DirectMap4k:       16376 kB
DirectMap4M:      892928 kB


CPU:total 2 (2 cores per cpu, 1 threads per core) family 6 model 23 stepping 10, cmov, cx8, fxsr, mmx, sse, sse2, sse3, ssse3, sse4.1

Memory: 4k page, physical 2051000k(499944k free), swap 6008268k(6002960k free)

vm_info: OpenJDK Server VM (19.0-b09) for linux-x86 JRE (1.6.0_20-b20), built on Jul 22 2011 02:03:35 by "buildd" with gcc 4.4.3

time: Tue Sep 20 01:49:06 2011
elapsed time: 0 seconds

