#
# A fatal error has been detected by the Java Runtime Environment:
#
#  Internal Error (classFileParser.cpp:3494), pid=6064, tid=3078433648
#  Error: ShouldNotReachHere()
#
# JRE version: 6.0_22-b22
# Java VM: OpenJDK Server VM (20.0-b11 mixed mode linux-x86 )
# Derivative: IcedTea6 1.10.4
# Distribution: Ubuntu 11.04, package 6b22-1.10.4-0ubuntu1~11.04.1
# If you would like to submit a bug report, please include
# instructions how to reproduce the bug and visit:
#   https://bugs.launchpad.net/ubuntu/+source/openjdk-6/
#

---------------  T H R E A D  ---------------

Current thread (0x0865d000):  JavaThread "Unknown thread" [_thread_in_vm, id=6066, stack(0xb7782000,0xb77d3000)]

Stack: [0xb7782000,0xb77d3000],  sp=0xb77d1840,  free space=318k
Native frames: (J=compiled Java code, j=interpreted, Vv=VM code, C=native code)
V  [libjvm.so+0x65624f]  VMError::report(outputStream*)+0x145f
V  [libjvm.so+0x656532]  VMError::report_and_die()+0x192
V  [libjvm.so+0x29b42e]  report_vm_error(char const*, int, char const*, char const*)+0x3e
V  [libjvm.so+0x29b559]  report_should_not_reach_here(char const*, int)+0x29
V  [libjvm.so+0x235508]  ClassFileParser::parseClassFile(symbolHandle, Handle, Handle, KlassHandle, GrowableArray<Handle>*, symbolHandle&, bool, Thread*)+0x2278
V  [libjvm.so+0x23941b]  ClassLoader::load_classfile(symbolHandle, Thread*)+0x20b
V  [libjvm.so+0x5eaccd]  SystemDictionary::load_instance_class(symbolHandle, Handle, Thread*)+0x48d
V  [libjvm.so+0x5e94dd]  SystemDictionary::resolve_instance_class_or_null(symbolHandle, Handle, Handle, Thread*)+0x70d
V  [libjvm.so+0x5e9d04]  SystemDictionary::resolve_or_null(symbolHandle, Handle, Handle, Thread*)+0x44
V  [libjvm.so+0x5eb2d0]  SystemDictionary::resolve_or_fail(symbolHandle, Handle, Handle, bool, Thread*)+0x30
V  [libjvm.so+0x5eb39a]  SystemDictionary::resolve_or_fail(symbolHandle, bool, Thread*)+0x2a
V  [libjvm.so+0x5eb42d]  SystemDictionary::initialize_wk_klass(SystemDictionary::WKID, int, Thread*)+0x8d
V  [libjvm.so+0x5eb485]  SystemDictionary::initialize_wk_klasses_until(SystemDictionary::WKID, SystemDictionary::WKID&, Thread*)+0x55
V  [libjvm.so+0x5eedc5]  SystemDictionary::initialize_wk_klasses_through(SystemDictionary::WKID, SystemDictionary::WKID&, Thread*)+0x25
V  [libjvm.so+0x5eb553]  SystemDictionary::initialize_preloaded_classes(Thread*)+0x73
V  [libjvm.so+0x5eb871]  SystemDictionary::initialize(Thread*)+0x131
V  [libjvm.so+0x62df67]  Universe::genesis(Thread*)+0x117
V  [libjvm.so+0x62e88c]  universe2_init()+0x2c
V  [libjvm.so+0x3583c8]  init_globals()+0x98
V  [libjvm.so+0x61896c]  Threads::create_vm(JavaVMInitArgs*, bool*)+0x1bc
V  [libjvm.so+0x3a6d6c]  JNI_CreateJavaVM+0x5c
C  [java+0x1788]  JavaMain+0x88
C  [libpthread.so.0+0x5e99]  start_thread+0xd9


---------------  P R O C E S S  ---------------

Java Threads: ( => current thread )

Other Threads:

=>0x0865d000 (exited) JavaThread "Unknown thread" [_thread_in_vm, id=6066, stack(0xb7782000,0xb77d3000)]

VM state:not at safepoint (not fully initialized)

VM Mutex/Monitor currently owned by a thread: None

Dynamic libraries:
00110000-00125000 r-xp 00000000 08:06 14246985   /lib/i386-linux-gnu/libpthread-2.13.so
00125000-00126000 r--p 00015000 08:06 14246985   /lib/i386-linux-gnu/libpthread-2.13.so
00126000-00127000 rw-p 00016000 08:06 14246985   /lib/i386-linux-gnu/libpthread-2.13.so
00127000-00129000 rw-p 00000000 00:00 0 
00129000-00143000 r-xp 00000000 08:06 14247345   /lib/i386-linux-gnu/libgcc_s.so.1
00143000-00144000 r--p 00019000 08:06 14247345   /lib/i386-linux-gnu/libgcc_s.so.1
00144000-00145000 rw-p 0001a000 08:06 14247345   /lib/i386-linux-gnu/libgcc_s.so.1
00145000-00158000 r-xp 00000000 08:06 14246976   /lib/i386-linux-gnu/libnsl-2.13.so
00158000-00159000 r--p 00012000 08:06 14246976   /lib/i386-linux-gnu/libnsl-2.13.so
00159000-0015a000 rw-p 00013000 08:06 14246976   /lib/i386-linux-gnu/libnsl-2.13.so
0015a000-0015c000 rw-p 00000000 00:00 0 
0015c000-00165000 r-xp 00000000 08:06 14246979   /lib/i386-linux-gnu/libnss_nis-2.13.so
00165000-00166000 r--p 00008000 08:06 14246979   /lib/i386-linux-gnu/libnss_nis-2.13.so
00166000-00167000 rw-p 00009000 08:06 14246979   /lib/i386-linux-gnu/libnss_nis-2.13.so
00167000-0016d000 r-xp 00000000 08:06 10496946   /usr/lib/jvm/java-6-openjdk/jre/lib/i386/libzip.so
0016d000-0016e000 r--p 00005000 08:06 10496946   /usr/lib/jvm/java-6-openjdk/jre/lib/i386/libzip.so
0016e000-0016f000 rw-p 00006000 08:06 10496946   /usr/lib/jvm/java-6-openjdk/jre/lib/i386/libzip.so
001ad000-001c0000 r-xp 00000000 08:06 14247341   /lib/i386-linux-gnu/libz.so.1.2.3.4
001c0000-001c1000 r--p 00012000 08:06 14247341   /lib/i386-linux-gnu/libz.so.1.2.3.4
001c1000-001c2000 rw-p 00013000 08:06 14247341   /lib/i386-linux-gnu/libz.so.1.2.3.4
001c2000-0031c000 r-xp 00000000 08:06 14246971   /lib/i386-linux-gnu/libc-2.13.so
0031c000-0031d000 ---p 0015a000 08:06 14246971   /lib/i386-linux-gnu/libc-2.13.so
0031d000-0031f000 r--p 0015a000 08:06 14246971   /lib/i386-linux-gnu/libc-2.13.so
0031f000-00320000 rw-p 0015c000 08:06 14246971   /lib/i386-linux-gnu/libc-2.13.so
00320000-00323000 rw-p 00000000 00:00 0 
00486000-00487000 r-xp 00000000 00:00 0          [vdso]
0062c000-00637000 r-xp 00000000 08:06 10496945   /usr/lib/jvm/java-6-openjdk/jre/lib/i386/libverify.so
00637000-00638000 ---p 0000b000 08:06 10496945   /usr/lib/jvm/java-6-openjdk/jre/lib/i386/libverify.so
00638000-00639000 r--p 0000b000 08:06 10496945   /usr/lib/jvm/java-6-openjdk/jre/lib/i386/libverify.so
00639000-0063a000 rw-p 0000c000 08:06 10496945   /usr/lib/jvm/java-6-openjdk/jre/lib/i386/libverify.so
007de000-007e4000 r-xp 00000000 08:06 14246980   /lib/i386-linux-gnu/libnss_compat-2.13.so
007e4000-007e5000 r--p 00005000 08:06 14246980   /lib/i386-linux-gnu/libnss_compat-2.13.so
007e5000-007e6000 rw-p 00006000 08:06 14246980   /lib/i386-linux-gnu/libnss_compat-2.13.so
00811000-00834000 r-xp 00000000 08:06 10496504   /usr/lib/jvm/java-6-openjdk/jre/lib/i386/libjava.so
00834000-00835000 r--p 00022000 08:06 10496504   /usr/lib/jvm/java-6-openjdk/jre/lib/i386/libjava.so
00835000-00837000 rw-p 00023000 08:06 10496504   /usr/lib/jvm/java-6-openjdk/jre/lib/i386/libjava.so
0091c000-00926000 r-xp 00000000 08:06 14246992   /lib/i386-linux-gnu/libnss_files-2.13.so
00926000-00927000 r--p 00009000 08:06 14246992   /lib/i386-linux-gnu/libnss_files-2.13.so
00927000-00928000 rw-p 0000a000 08:06 14246992   /lib/i386-linux-gnu/libnss_files-2.13.so
00997000-009bb000 r-xp 00000000 08:06 14246989   /lib/i386-linux-gnu/libm-2.13.so
009bb000-009bc000 r--p 00023000 08:06 14246989   /lib/i386-linux-gnu/libm-2.13.so
009bc000-009bd000 rw-p 00024000 08:06 14246989   /lib/i386-linux-gnu/libm-2.13.so
00ad9000-00ae0000 r-xp 00000000 08:06 14246973   /lib/i386-linux-gnu/librt-2.13.so
00ae0000-00ae1000 r--p 00006000 08:06 14246973   /lib/i386-linux-gnu/librt-2.13.so
00ae1000-00ae2000 rw-p 00007000 08:06 14246973   /lib/i386-linux-gnu/librt-2.13.so
00b1e000-00b3a000 r-xp 00000000 08:06 14246990   /lib/i386-linux-gnu/ld-2.13.so
00b3a000-00b3b000 r--p 0001b000 08:06 14246990   /lib/i386-linux-gnu/ld-2.13.so
00b3b000-00b3c000 rw-p 0001c000 08:06 14246990   /lib/i386-linux-gnu/ld-2.13.so
00bef000-00bf1000 r-xp 00000000 08:06 14246987   /lib/i386-linux-gnu/libdl-2.13.so
00bf1000-00bf2000 r--p 00001000 08:06 14246987   /lib/i386-linux-gnu/libdl-2.13.so
00bf2000-00bf3000 rw-p 00002000 08:06 14246987   /lib/i386-linux-gnu/libdl-2.13.so
00c0f000-00cee000 r-xp 00000000 08:06 9938772    /usr/lib/i386-linux-gnu/libstdc++.so.6.0.14
00cee000-00cf2000 r--p 000de000 08:06 9938772    /usr/lib/i386-linux-gnu/libstdc++.so.6.0.14
00cf2000-00cf3000 rw-p 000e2000 08:06 9938772    /usr/lib/i386-linux-gnu/libstdc++.so.6.0.14
00cf3000-00cfa000 rw-p 00000000 00:00 0 
00ea8000-00eab000 r-xp 00000000 08:06 10496009   /usr/lib/jvm/java-6-openjdk/jre/lib/i386/jli/libjli.so
00eab000-00eac000 r--p 00002000 08:06 10496009   /usr/lib/jvm/java-6-openjdk/jre/lib/i386/jli/libjli.so
00eac000-00ead000 rw-p 00003000 08:06 10496009   /usr/lib/jvm/java-6-openjdk/jre/lib/i386/jli/libjli.so
00ead000-01573000 r-xp 00000000 08:06 10496948   /usr/lib/jvm/java-6-openjdk/jre/lib/i386/server/libjvm.so
01573000-01574000 ---p 006c6000 08:06 10496948   /usr/lib/jvm/java-6-openjdk/jre/lib/i386/server/libjvm.so
01574000-015b9000 r--p 006c6000 08:06 10496948   /usr/lib/jvm/java-6-openjdk/jre/lib/i386/server/libjvm.so
015b9000-015c8000 rw-p 0070b000 08:06 10496948   /usr/lib/jvm/java-6-openjdk/jre/lib/i386/server/libjvm.so
015c8000-019e2000 rw-p 00000000 00:00 0 
08048000-08051000 r-xp 00000000 08:06 10496968   /usr/lib/jvm/java-6-openjdk/jre/bin/java
08051000-08052000 r--p 00008000 08:06 10496968   /usr/lib/jvm/java-6-openjdk/jre/bin/java
08052000-08053000 rw-p 00009000 08:06 10496968   /usr/lib/jvm/java-6-openjdk/jre/bin/java
08656000-086c8000 rw-p 00000000 00:00 0          [heap]
8c32d000-8c392000 r--s 004cb000 08:06 10797804   /home/cleber/android-sdk-linux_x86/platforms/android-8/android.jar
8c392000-8c393000 ---p 00000000 00:00 0 
8c393000-8c413000 rw-p 00000000 00:00 0 
8c413000-8c414000 ---p 00000000 00:00 0 
8c414000-8c49c000 rw-p 00000000 00:00 0 
8c49c000-8c4d4000 rw-p 00000000 00:00 0 
8c4d4000-8c4df000 rw-p 00000000 00:00 0 
8c4df000-8c57f000 rw-p 00000000 00:00 0 
8c57f000-8c587000 rw-p 00000000 00:00 0 
8c587000-8c5bf000 rw-p 00000000 00:00 0 
8c5bf000-8c5ca000 rw-p 00000000 00:00 0 
8c5ca000-8c669000 rw-p 00000000 00:00 0 
8c669000-8c66f000 rw-p 00000000 00:00 0 
8c66f000-8c6bf000 rw-p 00000000 00:00 0 
8c6bf000-8d6c0000 rw-p 00000000 00:00 0 
8d6c0000-946c0000 rw-p 00000000 00:00 0 
946c0000-95ba0000 rw-p 00000000 00:00 0 
95ba0000-a9c20000 rw-p 00000000 00:00 0 
a9c20000-aa690000 rw-p 00000000 00:00 0 
aa690000-b46c0000 rw-p 00000000 00:00 0 
b46c2000-b46cb000 rw-p 00000000 00:00 0 
b46cb000-b4782000 rw-p 00000000 00:00 0 
b4782000-b49c2000 rwxp 00000000 00:00 0 
b49c2000-b7782000 rw-p 00000000 00:00 0 
b7782000-b7785000 ---p 00000000 00:00 0 
b7785000-b77d6000 rw-p 00000000 00:00 0 
b77e3000-b77eb000 rw-s 00000000 08:06 12959848   /tmp/hsperfdata_cleber/6064
b77eb000-b77ec000 rw-p 00000000 00:00 0 
b77ec000-b77ed000 r--p 00000000 00:00 0 
b77ed000-b77ef000 rw-p 00000000 00:00 0 
bffcd000-bffee000 rw-p 00000000 00:00 0          [stack]

VM Arguments:
jvm_args: -Dfile.encoding=UTF-8 -Xbootclasspath:/home/cleber/android-sdk-linux_x86/platforms/android-8/android.jar 
java_command: br.edu.ufcg.aweseries.util.Validate
Launcher Type: SUN_STANDARD

Environment Variables:
PATH=/usr/local/sbin:/usr/local/bin:/usr/sbin:/usr/bin:/sbin:/bin:/usr/games
USERNAME=cleber
LD_LIBRARY_PATH=/usr/lib/jvm/java-6-openjdk/jre/lib/i386/server:/usr/lib/jvm/java-6-openjdk/jre/lib/i386:/usr/lib/jvm/java-6-openjdk/jre/../lib/i386:/usr/lib/jvm/java-6-openjdk/jre/lib/i386/client:/usr/lib/jvm/java-6-openjdk/jre/lib/i386:
SHELL=/bin/bash
DISPLAY=:0.0

Signal Handlers:
SIGSEGV: [libjvm.so+0x656fb0], sa_mask[0]=0x7ffbfeff, sa_flags=0x10000004
SIGBUS: [libjvm.so+0x656fb0], sa_mask[0]=0x7ffbfeff, sa_flags=0x10000004
SIGFPE: [libjvm.so+0x51d4d0], sa_mask[0]=0x7ffbfeff, sa_flags=0x10000004
SIGPIPE: [libjvm.so+0x51d4d0], sa_mask[0]=0x7ffbfeff, sa_flags=0x10000004
SIGXFSZ: [libjvm.so+0x51d4d0], sa_mask[0]=0x7ffbfeff, sa_flags=0x10000004
SIGILL: [libjvm.so+0x51d4d0], sa_mask[0]=0x7ffbfeff, sa_flags=0x10000004
SIGUSR1: SIG_DFL, sa_mask[0]=0x00000000, sa_flags=0x00000000
SIGUSR2: [libjvm.so+0x51d340], sa_mask[0]=0x00000004, sa_flags=0x10000004
SIGHUP: SIG_DFL, sa_mask[0]=0x00000000, sa_flags=0x00000000
SIGINT: SIG_DFL, sa_mask[0]=0x00000000, sa_flags=0x00000000
SIGTERM: SIG_DFL, sa_mask[0]=0x00000000, sa_flags=0x00000000
SIGQUIT: SIG_DFL, sa_mask[0]=0x00000000, sa_flags=0x00000000


---------------  S Y S T E M  ---------------

OS:Ubuntu 11.04 (natty)
uname:Linux 2.6.38-13-generic #53-Ubuntu SMP Mon Nov 28 19:23:39 UTC 2011 i686
libc:glibc 2.13 NPTL 2.13 
rlimit: STACK 8192k, CORE 0k, NPROC infinity, NOFILE 4096, AS infinity
load average:0.00 0.01 0.05

/proc/meminfo:
MemTotal:        2049784 kB
MemFree:          128916 kB
Buffers:          109428 kB
Cached:           855512 kB
SwapCached:          916 kB
Active:          1108220 kB
Inactive:         698988 kB
Active(anon):     720400 kB
Inactive(anon):   396244 kB
Active(file):     387820 kB
Inactive(file):   302744 kB
Unevictable:           0 kB
Mlocked:               0 kB
HighTotal:       1177160 kB
HighFree:           1732 kB
LowTotal:         872624 kB
LowFree:          127184 kB
SwapTotal:       6008272 kB
SwapFree:        5985912 kB
Dirty:               240 kB
Writeback:             0 kB
AnonPages:        841380 kB
Mapped:           209576 kB
Shmem:            274376 kB
Slab:              69192 kB
SReclaimable:      56152 kB
SUnreclaim:        13040 kB
KernelStack:        2912 kB
PageTables:        11344 kB
NFS_Unstable:          0 kB
Bounce:                0 kB
WritebackTmp:          0 kB
CommitLimit:     7033164 kB
Committed_AS:    3494840 kB
VmallocTotal:     122880 kB
VmallocUsed:       25268 kB
VmallocChunk:      57004 kB
HardwareCorrupted:     0 kB
HugePages_Total:       0
HugePages_Free:        0
HugePages_Rsvd:        0
HugePages_Surp:        0
Hugepagesize:       4096 kB
DirectMap4k:       16376 kB
DirectMap4M:      892928 kB


CPU:total 2 (2 cores per cpu, 1 threads per core) family 6 model 23 stepping 10, cmov, cx8, fxsr, mmx, sse, sse2, sse3, ssse3, sse4.1

Memory: 4k page, physical 2049784k(128916k free), swap 6008272k(5985912k free)

vm_info: OpenJDK Server VM (20.0-b11) for linux-x86 JRE (1.6.0_22-b22), built on Oct 25 2011 06:27:31 by "buildd" with gcc 4.5.2

time: Sat Jan 14 19:58:35 2012
elapsed time: 0 seconds

